0 info it worked if it ends with ok
1 verbose cli [ '/Users/acastiarena/.nvm/versions/node/v6.9.1/bin/node',
1 verbose cli   '/Users/acastiarena/.nvm/versions/node/v6.9.1/bin/npm',
1 verbose cli   'i',
1 verbose cli   '-D',
1 verbose cli   'jquery-validation' ]
2 info using npm@3.10.8
3 info using node@v6.9.1
4 silly loadCurrentTree Starting
5 silly install loadCurrentTree
6 silly install readLocalPackageData
7 silly fetchPackageMetaData jquery-validation
8 silly fetchNamedPackageData jquery-validation
9 silly mapToRegistry name jquery-validation
10 silly mapToRegistry using default registry
11 silly mapToRegistry registry http://registry.npm.ml.com/
12 silly mapToRegistry data Result {
12 silly mapToRegistry   raw: 'jquery-validation',
12 silly mapToRegistry   scope: null,
12 silly mapToRegistry   escapedName: 'jquery-validation',
12 silly mapToRegistry   name: 'jquery-validation',
12 silly mapToRegistry   rawSpec: '',
12 silly mapToRegistry   spec: 'latest',
12 silly mapToRegistry   type: 'tag' }
13 silly mapToRegistry uri http://registry.npm.ml.com/jquery-validation
14 verbose request uri http://registry.npm.ml.com/jquery-validation
15 verbose request no auth needed
16 info attempt registry request try #1 at 11:01:28 PM
17 verbose request id ea3fc19c01fcb83b
18 http request GET http://registry.npm.ml.com/jquery-validation
19 info retry will retry, error on last attempt: Error: getaddrinfo ENOTFOUND registry.npm.ml.com registry.npm.ml.com:80
20 info attempt registry request try #2 at 11:01:39 PM
21 http request GET http://registry.npm.ml.com/jquery-validation
22 info retry will retry, error on last attempt: Error: getaddrinfo ENOTFOUND registry.npm.ml.com registry.npm.ml.com:80
23 info attempt registry request try #3 at 11:02:39 PM
24 http request GET http://registry.npm.ml.com/jquery-validation
25 silly fetchPackageMetaData Error: getaddrinfo ENOTFOUND registry.npm.ml.com registry.npm.ml.com:80
25 silly fetchPackageMetaData     at errnoException (dns.js:28:10)
25 silly fetchPackageMetaData     at GetAddrInfoReqWrap.onlookup [as oncomplete] (dns.js:76:26)
25 silly fetchPackageMetaData  error for jquery-validation { Error: getaddrinfo ENOTFOUND registry.npm.ml.com registry.npm.ml.com:80
25 silly fetchPackageMetaData     at errnoException (dns.js:28:10)
25 silly fetchPackageMetaData     at GetAddrInfoReqWrap.onlookup [as oncomplete] (dns.js:76:26)
25 silly fetchPackageMetaData   code: 'ENOTFOUND',
25 silly fetchPackageMetaData   errno: 'ENOTFOUND',
25 silly fetchPackageMetaData   syscall: 'getaddrinfo',
25 silly fetchPackageMetaData   hostname: 'registry.npm.ml.com',
25 silly fetchPackageMetaData   host: 'registry.npm.ml.com',
25 silly fetchPackageMetaData   port: 80 }
26 silly rollbackFailedOptional Starting
27 silly rollbackFailedOptional Finishing
28 silly runTopLevelLifecycles Finishing
29 silly install printInstalled
30 verbose stack Error: getaddrinfo ENOTFOUND registry.npm.ml.com registry.npm.ml.com:80
30 verbose stack     at errnoException (dns.js:28:10)
30 verbose stack     at GetAddrInfoReqWrap.onlookup [as oncomplete] (dns.js:76:26)
31 verbose cwd /Users/acastiarena/Documents/www/piedra-libre/frontend
32 error Darwin 16.4.0
33 error argv "/Users/acastiarena/.nvm/versions/node/v6.9.1/bin/node" "/Users/acastiarena/.nvm/versions/node/v6.9.1/bin/npm" "i" "-D" "jquery-validation"
34 error node v6.9.1
35 error npm  v3.10.8
36 error code ENOTFOUND
37 error errno ENOTFOUND
38 error syscall getaddrinfo
39 error network getaddrinfo ENOTFOUND registry.npm.ml.com registry.npm.ml.com:80
40 error network This is most likely not a problem with npm itself
40 error network and is related to network connectivity.
40 error network In most cases you are behind a proxy or have bad network settings.
40 error network
40 error network If you are behind a proxy, please make sure that the
40 error network 'proxy' config is set properly.  See: 'npm help config'
41 verbose exit [ 1, true ]
